===== 2026-06-16T12:10:00Z =====
--- settle ---
settled 0 of 0 directional bets
--- bet ---
logged 1 bets (from 22 candidates) to pilot.jsonl

===== 2026-06-16T12:26:14Z =====
--- settle ---
settled 0 of 1 directional bets
--- bet ---
logged 3 bets (from 20 candidates) to pilot.jsonl

===== 2026-06-17T10:00:05Z =====
--- settle ---
Fatal Python error: init_import_site: Failed to import the site module
Python runtime state: initialized
Traceback (most recent call last):
  File "<frozen importlib._bootstrap>", line 1176, in _find_and_load
  File "<frozen importlib._bootstrap>", line 1147, in _find_and_load_unlocked
  File "<frozen importlib._bootstrap>", line 690, in _load_unlocked
  File "<frozen importlib._bootstrap>", line 980, in exec_module
  File "<frozen site>", line 616, in <module>
  File "<frozen site>", line 599, in main
  File "<frozen site>", line 517, in venv
PermissionError: [Errno 1] Operation not permitted: '/Users/tomernahumi/Documents/Plugins/polymath/.venv/pyvenv.cfg'
--- bet ---
Fatal Python error: init_import_site: Failed to import the site module
Python runtime state: initialized
Traceback (most recent call last):
  File "<frozen importlib._bootstrap>", line 1176, in _find_and_load
  File "<frozen importlib._bootstrap>", line 1147, in _find_and_load_unlocked
  File "<frozen importlib._bootstrap>", line 690, in _load_unlocked
  File "<frozen importlib._bootstrap>", line 980, in exec_module
  File "<frozen site>", line 616, in <module>
  File "<frozen site>", line 599, in main
  File "<frozen site>", line 517, in venv
PermissionError: [Errno 1] Operation not permitted: '/Users/tomernahumi/Documents/Plugins/polymath/.venv/pyvenv.cfg'

